   1              		.syntax unified
   2              		.cpu cortex-m4
   3              		.fpu softvfp
   4              		.eabi_attribute 20, 1
   5              		.eabi_attribute 21, 1
   6              		.eabi_attribute 23, 3
   7              		.eabi_attribute 24, 1
   8              		.eabi_attribute 25, 1
   9              		.eabi_attribute 26, 1
  10              		.eabi_attribute 30, 4
  11              		.eabi_attribute 34, 1
  12              		.eabi_attribute 18, 4
  13              		.thumb
  14              		.syntax unified
  15              		.file	"stm32f3_sysmem.c"
  16              		.text
  17              	.Ltext0:
  18              		.cfi_sections	.debug_frame
  19              		.section	.text._sbrk,"ax",%progbits
  20              		.align	1
  21              		.global	_sbrk
  22              		.thumb
  23              		.thumb_func
  25              	_sbrk:
  26              	.LFB1:
  27              		.file 1 ".././hal/stm32f3/stm32f3_sysmem.c"
   1:.././hal/stm32f3/stm32f3_sysmem.c **** /**
   2:.././hal/stm32f3/stm32f3_sysmem.c **** *****************************************************************************
   3:.././hal/stm32f3/stm32f3_sysmem.c **** **
   4:.././hal/stm32f3/stm32f3_sysmem.c **** **  File        : sysmem.c
   5:.././hal/stm32f3/stm32f3_sysmem.c **** **
   6:.././hal/stm32f3/stm32f3_sysmem.c **** **  Author	    : Ac6
   7:.././hal/stm32f3/stm32f3_sysmem.c **** **
   8:.././hal/stm32f3/stm32f3_sysmem.c **** **  Abstract    : System Workbench Minimal System Memory calls file
   9:.././hal/stm32f3/stm32f3_sysmem.c **** **
  10:.././hal/stm32f3/stm32f3_sysmem.c **** ** 		          For more information about which c-functions
  11:.././hal/stm32f3/stm32f3_sysmem.c **** **                need which of these lowlevel functions
  12:.././hal/stm32f3/stm32f3_sysmem.c **** **                please consult the Newlib libc-manual
  13:.././hal/stm32f3/stm32f3_sysmem.c **** **
  14:.././hal/stm32f3/stm32f3_sysmem.c **** **  Environment : System Workbench for MCU
  15:.././hal/stm32f3/stm32f3_sysmem.c **** **
  16:.././hal/stm32f3/stm32f3_sysmem.c **** **  Distribution: The file is distributed “as is,” without any warranty
  17:.././hal/stm32f3/stm32f3_sysmem.c **** **                of any kind.
  18:.././hal/stm32f3/stm32f3_sysmem.c **** **
  19:.././hal/stm32f3/stm32f3_sysmem.c **** *****************************************************************************
  20:.././hal/stm32f3/stm32f3_sysmem.c **** **
  21:.././hal/stm32f3/stm32f3_sysmem.c **** ** <h2><center>&copy; COPYRIGHT(c) 2014 Ac6</center></h2>
  22:.././hal/stm32f3/stm32f3_sysmem.c **** **
  23:.././hal/stm32f3/stm32f3_sysmem.c **** ** Redistribution and use in source and binary forms, with or without modification,
  24:.././hal/stm32f3/stm32f3_sysmem.c **** ** are permitted provided that the following conditions are met:
  25:.././hal/stm32f3/stm32f3_sysmem.c **** **   1. Redistributions of source code must retain the above copyright notice,
  26:.././hal/stm32f3/stm32f3_sysmem.c **** **      this list of conditions and the following disclaimer.
  27:.././hal/stm32f3/stm32f3_sysmem.c **** **   2. Redistributions in binary form must reproduce the above copyright notice,
  28:.././hal/stm32f3/stm32f3_sysmem.c **** **      this list of conditions and the following disclaimer in the documentation
  29:.././hal/stm32f3/stm32f3_sysmem.c **** **      and/or other materials provided with the distribution.
  30:.././hal/stm32f3/stm32f3_sysmem.c **** **   3. Neither the name of Ac6 nor the names of its contributors
  31:.././hal/stm32f3/stm32f3_sysmem.c **** **      may be used to endorse or promote products derived from this software
  32:.././hal/stm32f3/stm32f3_sysmem.c **** **      without specific prior written permission.
  33:.././hal/stm32f3/stm32f3_sysmem.c **** **
  34:.././hal/stm32f3/stm32f3_sysmem.c **** ** THIS SOFTWARE IS PROVIDED BY THE COPYRIGHT HOLDERS AND CONTRIBUTORS "AS IS"
  35:.././hal/stm32f3/stm32f3_sysmem.c **** ** AND ANY EXPRESS OR IMPLIED WARRANTIES, INCLUDING, BUT NOT LIMITED TO, THE
  36:.././hal/stm32f3/stm32f3_sysmem.c **** ** IMPLIED WARRANTIES OF MERCHANTABILITY AND FITNESS FOR A PARTICULAR PURPOSE ARE
  37:.././hal/stm32f3/stm32f3_sysmem.c **** ** DISCLAIMED. IN NO EVENT SHALL THE COPYRIGHT HOLDER OR CONTRIBUTORS BE LIABLE
  38:.././hal/stm32f3/stm32f3_sysmem.c **** ** FOR ANY DIRECT, INDIRECT, INCIDENTAL, SPECIAL, EXEMPLARY, OR CONSEQUENTIAL
  39:.././hal/stm32f3/stm32f3_sysmem.c **** ** DAMAGES (INCLUDING, BUT NOT LIMITED TO, PROCUREMENT OF SUBSTITUTE GOODS OR
  40:.././hal/stm32f3/stm32f3_sysmem.c **** ** SERVICES; LOSS OF USE, DATA, OR PROFITS; OR BUSINESS INTERRUPTION) HOWEVER
  41:.././hal/stm32f3/stm32f3_sysmem.c **** ** CAUSED AND ON ANY THEORY OF LIABILITY, WHETHER IN CONTRACT, STRICT LIABILITY,
  42:.././hal/stm32f3/stm32f3_sysmem.c **** ** OR TORT (INCLUDING NEGLIGENCE OR OTHERWISE) ARISING IN ANY WAY OUT OF THE USE
  43:.././hal/stm32f3/stm32f3_sysmem.c **** ** OF THIS SOFTWARE, EVEN IF ADVISED OF THE POSSIBILITY OF SUCH DAMAGE.
  44:.././hal/stm32f3/stm32f3_sysmem.c **** **
  45:.././hal/stm32f3/stm32f3_sysmem.c **** *****************************************************************************
  46:.././hal/stm32f3/stm32f3_sysmem.c **** */
  47:.././hal/stm32f3/stm32f3_sysmem.c **** 
  48:.././hal/stm32f3/stm32f3_sysmem.c **** /* Includes */
  49:.././hal/stm32f3/stm32f3_sysmem.c **** #include <errno.h>
  50:.././hal/stm32f3/stm32f3_sysmem.c **** #include <stdio.h>
  51:.././hal/stm32f3/stm32f3_sysmem.c **** 
  52:.././hal/stm32f3/stm32f3_sysmem.c **** /* Variables */
  53:.././hal/stm32f3/stm32f3_sysmem.c **** //Uncomment following if needed - commented out for now as not used and causes warning
  54:.././hal/stm32f3/stm32f3_sysmem.c **** //extern int errno;
  55:.././hal/stm32f3/stm32f3_sysmem.c **** register char * stack_ptr asm("sp");
  56:.././hal/stm32f3/stm32f3_sysmem.c **** 
  57:.././hal/stm32f3/stm32f3_sysmem.c **** /* Functions */
  58:.././hal/stm32f3/stm32f3_sysmem.c **** 
  59:.././hal/stm32f3/stm32f3_sysmem.c **** /**
  60:.././hal/stm32f3/stm32f3_sysmem.c ****  _sbrk
  61:.././hal/stm32f3/stm32f3_sysmem.c ****  Increase program data space. Malloc and related functions depend on this
  62:.././hal/stm32f3/stm32f3_sysmem.c **** **/
  63:.././hal/stm32f3/stm32f3_sysmem.c **** caddr_t _sbrk(int incr)
  64:.././hal/stm32f3/stm32f3_sysmem.c **** {
  28              		.loc 1 64 0
  29              		.cfi_startproc
  30              		@ args = 0, pretend = 0, frame = 0
  31              		@ frame_needed = 0, uses_anonymous_args = 0
  32              	.LVL0:
  33 0000 08B5     		push	{r3, lr}
  34              	.LCFI0:
  35              		.cfi_def_cfa_offset 8
  36              		.cfi_offset 3, -8
  37              		.cfi_offset 14, -4
  65:.././hal/stm32f3/stm32f3_sysmem.c **** 	extern char end asm("end");
  66:.././hal/stm32f3/stm32f3_sysmem.c **** 	static char *heap_end;
  67:.././hal/stm32f3/stm32f3_sysmem.c **** 	char *prev_heap_end;
  68:.././hal/stm32f3/stm32f3_sysmem.c **** 
  69:.././hal/stm32f3/stm32f3_sysmem.c **** 	if (heap_end == 0)
  38              		.loc 1 69 0
  39 0002 0A4B     		ldr	r3, .L6
  40 0004 1A68     		ldr	r2, [r3]
  41 0006 0AB9     		cbnz	r2, .L2
  70:.././hal/stm32f3/stm32f3_sysmem.c **** 		heap_end = &end;
  42              		.loc 1 70 0
  43 0008 094A     		ldr	r2, .L6+4
  44 000a 1A60     		str	r2, [r3]
  45              	.L2:
  71:.././hal/stm32f3/stm32f3_sysmem.c **** 
  72:.././hal/stm32f3/stm32f3_sysmem.c **** 	prev_heap_end = heap_end;
  46              		.loc 1 72 0
  47 000c 1B68     		ldr	r3, [r3]
  48              	.LVL1:
  73:.././hal/stm32f3/stm32f3_sysmem.c **** 	if (heap_end + incr > stack_ptr)
  49              		.loc 1 73 0
  50 000e 6A46     		mov	r2, sp
  51 0010 1844     		add	r0, r0, r3
  52              	.LVL2:
  53 0012 9042     		cmp	r0, r2
  54 0014 06D9     		bls	.L3
  74:.././hal/stm32f3/stm32f3_sysmem.c **** 	{
  75:.././hal/stm32f3/stm32f3_sysmem.c **** 		errno = ENOMEM;
  55              		.loc 1 75 0
  56 0016 FFF7FEFF 		bl	__errno
  57              	.LVL3:
  58 001a 0C23     		movs	r3, #12
  59 001c 0360     		str	r3, [r0]
  76:.././hal/stm32f3/stm32f3_sysmem.c **** 		return (caddr_t) -1;
  60              		.loc 1 76 0
  61 001e 4FF0FF30 		mov	r0, #-1
  62 0022 08BD     		pop	{r3, pc}
  63              	.LVL4:
  64              	.L3:
  77:.././hal/stm32f3/stm32f3_sysmem.c **** 	}
  78:.././hal/stm32f3/stm32f3_sysmem.c **** 
  79:.././hal/stm32f3/stm32f3_sysmem.c **** 	heap_end += incr;
  65              		.loc 1 79 0
  66 0024 014A     		ldr	r2, .L6
  67 0026 1060     		str	r0, [r2]
  80:.././hal/stm32f3/stm32f3_sysmem.c **** 
  81:.././hal/stm32f3/stm32f3_sysmem.c **** 	return (caddr_t) prev_heap_end;
  68              		.loc 1 81 0
  69 0028 1846     		mov	r0, r3
  82:.././hal/stm32f3/stm32f3_sysmem.c **** }
  70              		.loc 1 82 0
  71 002a 08BD     		pop	{r3, pc}
  72              	.LVL5:
  73              	.L7:
  74              		.align	2
  75              	.L6:
  76 002c 00000000 		.word	.LANCHOR0
  77 0030 00000000 		.word	end
  78              		.cfi_endproc
  79              	.LFE1:
  81              		.bss
  82              		.align	2
  83              		.set	.LANCHOR0,. + 0
  86              	heap_end.5160:
  87 0000 00000000 		.space	4
  88              		.text
  89              	.Letext0:
  90              		.file 2 "/usr/include/newlib/sys/types.h"
  91              		.file 3 "/usr/include/newlib/sys/errno.h"
DEFINED SYMBOLS
                            *ABS*:0000000000000000 stm32f3_sysmem.c
     /tmp/ccLhCb6d.s:20     .text._sbrk:0000000000000000 $t
     /tmp/ccLhCb6d.s:25     .text._sbrk:0000000000000000 _sbrk
     /tmp/ccLhCb6d.s:76     .text._sbrk:000000000000002c $d
     /tmp/ccLhCb6d.s:82     .bss:0000000000000000 $d
     /tmp/ccLhCb6d.s:86     .bss:0000000000000000 heap_end.5160
                     .debug_frame:0000000000000010 $d

UNDEFINED SYMBOLS
__errno
end
